<?xml version="1.0" encoding="UTF-8"?>
<!-- Generated by org.testng.reporters.JUnitReportReporter -->
<testsuite hostname="Dineshkumar" failures="0" tests="2" name="AllTestAnnotation.AllTestAnnotation.TestAnnotations" time="0.023" errors="0" timestamp="2023-07-23T11:08:48 IST" skipped="0">
  <testcase classname="AllTestAnnotation.AllTestAnnotation.TestAnnotations" name="Test2" time="0.008"/>
  <testcase classname="AllTestAnnotation.AllTestAnnotation.TestAnnotations" name="Test1" time="0.015"/>
</testsuite> <!-- AllTestAnnotation.AllTestAnnotation.TestAnnotations -->
