<?xml version="1.0" encoding="UTF-8"?>
<!-- Generated by org.testng.reporters.JUnitReportReporter -->
<testsuite hostname="Dineshkumar" failures="0" tests="1" name="AutomateEcommerce.AutomateEcommerce.Ecommerce" time="28.535" errors="0" timestamp="2023-08-01T07:44:09 IST" skipped="0">
  <testcase classname="AutomateEcommerce.AutomateEcommerce.Ecommerce" name="ecommerce_test" time="28.535"/>
</testsuite> <!-- AutomateEcommerce.AutomateEcommerce.Ecommerce -->
